<?xml version="1.0" encoding="UTF-8"?>
<testng-results ignored="0" total="2" passed="2" failed="0" skipped="0">
  <reporter-output>
  </reporter-output>
  <suite started-at="2023-06-09T21:53:11 IST" name="Suite" finished-at="2023-06-09T21:53:38 IST" duration-ms="27781">
    <groups>
    </groups>
    <test started-at="2023-06-09T21:53:11 IST" name="Chrome Test" finished-at="2023-06-09T21:53:38 IST" duration-ms="27734">
      <class name="TestCase_Project.FlipkartTestCase">
        <test-method is-config="true" signature="setup1(java.lang.String)[pri:0, instance:TestCase_Project.FlipkartTestCase@3fb1549b]" started-at="2023-06-09T21:53:11 IST" name="setup1" finished-at="2023-06-09T21:53:21 IST" duration-ms="10629" status="PASS">
          <params>
            <param index="0">
              <value>
                <![CDATA[5555]]>
              </value>
            </param>
          </params>
          <reporter-output>
          </reporter-output>
        </test-method> <!-- setup1 -->
        <test-method signature="scenarioDemo()[pri:0, instance:TestCase_Project.FlipkartTestCase@3fb1549b]" started-at="2023-06-09T21:53:21 IST" name="scenarioDemo" finished-at="2023-06-09T21:53:38 IST" duration-ms="17073" status="PASS">
          <reporter-output>
          </reporter-output>
        </test-method> <!-- scenarioDemo -->
      </class> <!-- TestCase_Project.FlipkartTestCase -->
    </test> <!-- Chrome Test -->
    <test started-at="2023-06-09T21:53:11 IST" name="Microsoft Edge Test" finished-at="2023-06-09T21:53:38 IST" duration-ms="27781">
      <class name="TestCase_Project.FlipkartTestCase">
        <test-method is-config="true" signature="setup1(java.lang.String)[pri:0, instance:TestCase_Project.FlipkartTestCase@35aea049]" started-at="2023-06-09T21:53:11 IST" name="setup1" finished-at="2023-06-09T21:53:21 IST" duration-ms="10536" status="PASS">
          <params>
            <param index="0">
              <value>
                <![CDATA[6666]]>
              </value>
            </param>
          </params>
          <reporter-output>
          </reporter-output>
        </test-method> <!-- setup1 -->
        <test-method signature="scenarioDemo()[pri:0, instance:TestCase_Project.FlipkartTestCase@35aea049]" started-at="2023-06-09T21:53:21 IST" name="scenarioDemo" finished-at="2023-06-09T21:53:38 IST" duration-ms="17213" status="PASS">
          <reporter-output>
          </reporter-output>
        </test-method> <!-- scenarioDemo -->
      </class> <!-- TestCase_Project.FlipkartTestCase -->
    </test> <!-- Microsoft Edge Test -->
  </suite> <!-- Suite -->
</testng-results>
